0 info it worked if it ends with ok
1 verbose cli [ 'node', '/usr/local/bin/npm', 'version', '1.0.0' ]
2 info using npm@1.1.46
3 info using node@v0.8.14
4 verbose config file /home/webapps/.npmrc
5 verbose config file /usr/local/etc/npmrc
6 verbose config file /usr/local/lib/node_modules/npm/npmrc
7 silly exec git "status" "--porcelain"
8 silly git,status,--porcelain, spawning
9 error Error: Git working directory not clean.
9 error A  Cakefile
9 error M  README.md
9 error A  examples/cronjobs.coffee
9 error A  lib/classes/cron_wrapper.js
9 error A  lib/index.js
9 error A  node_modules/compound/.gitmodules
9 error A  node_modules/compound/.npmignore
9 error A  node_modules/compound/.travis.yml
9 error A  node_modules/compound/CHANGELOG.md
9 error A  node_modules/compound/Makefile
9 error A  node_modules/compound/RAILWAY-CHANGELOG.md
9 error A  node_modules/compound/README.md
9 error A  node_modules/compound/lib/compound.js
9 error A  node_modules/compound/lib/controller-bridge.js
9 error A  node_modules/compound/lib/controller-extensions.js
9 error A  node_modules/compound/lib/helpers.js
9 error A  node_modules/compound/lib/i18n.js
9 error A  node_modules/compound/lib/models.js
9 error A  node_modules/compound/lib/server/compound.js
9 error A  node_modules/compound/lib/server/extensions.js
9 error A  node_modules/compound/lib/server/generators.js
9 error A  node_modules/compound/lib/server/generators/app_generator.js
9 error A  node_modules/compound/lib/server/generators/generator_utils.js
9 error A  node_modules/compound/lib/server/installer.js
9 error A  node_modules/compound/lib/server/logger.js
9 error A  node_modules/compound/lib/server/middleware/domain.js
9 error A  node_modules/compound/lib/server/middleware/index.js
9 error A  node_modules/compound/lib/server/structure.js
9 error A  node_modules/compound/lib/server/tools.js
9 error A  node_modules/compound/lib/utils.js
9 error A  node_modules/compound/package.json
9 error A  node_modules/compound/scripts/doc.sh
9 error A  node_modules/compound/templates/Procfile
9 error A  node_modules/compound/templates/README.md
9 error A  node_modules/compound/templates/app/assets/coffeescripts/application.coffee
9 error A  node_modules/compound/templates/app/assets/stylesheets/application.less
9 error A  node_modules/compound/templates/app/assets/stylesheets/application.sass
9 error A  node_modules/compound/templates/app/assets/stylesheets/application.styl
9 error A  node_modules/compound/templates/app/controllers/application_controller.coffee
9 error A  node_modules/compound/templates/app/controllers/application_controller.js
9 error A  node_modules/compound/templates/app/helpers/model_helper.coffee
9 error A  node_modules/compound/templates/app/helpers/model_helper.js
9 error A  node_modules/compound/templates/app/models/model.coffee
9 error A  node_modules/compound/templates/app/models/model.js
9 error C  README.md -> node_modules/compound/templates/blank.js
9 error A  node_modules/compound/templates/config/autoload.coffee
9 error A  node_modules/compound/templates/config/autoload.js
9 error A  node_modules/compound/templates/config/database_memory.coffee
9 error A  node_modules/compound/templates/config/database_memory.js
9 error A  node_modules/compound/templates/config/database_mongodb.coffee
9 error A  node_modules/compound/templates/config/database_mongodb.js
9 error A  node_modules/compound/templates/config/database_mongodb.json
9 error A  node_modules/compound/templates/config/database_mysql.coffee
9 error A  node_modules/compound/templates/config/database_mysql.js
9 error A  node_modules/compound/templates/config/database_mysql.json
9 error A  node_modules/compound/templates/config/database_nano.coffee
9 error A  node_modules/compound/templates/config/database_nano.js
9 error A  node_modules/compound/templates/config/database_postgres.js
9 error A  node_modules/compound/templates/config/database_redis.coffee
9 error A  node_modules/compound/templates/config/database_redis.js
9 error A  node_modules/compound/templates/config/database_redis.json
9 error A  node_modules/compound/templates/config/database_riak.coffee
9 error A  node_modules/compound/templates/config/database_riak.json
9 error A  node_modules/compound/templates/config/database_sqlite3.coffee
9 error A  node_modules/compound/templates/config/database_sqlite3.js
9 error A  node_modules/compound/templates/config/database_sqlite3.json
9 error A  node_modules/compound/templates/config/environment.coffee
9 error A  node_modules/compound/templates/config/environment.js
9 error A  node_modules/compound/templates/config/environments/development.coffee
9 error A  node_modules/compound/templates/config/environments/development.js
9 error A  node_modules/compound/templates/config/environments/production.coffee
9 error A  node_modules/compound/templates/config/environments/production.js
9 error A  node_modules/compound/templates/config/environments/test.coffee
9 error A  node_modules/compound/templates/config/environments/test.js
9 error A  node_modules/compound/templates/config/initializers/db-tools.coffee
9 error A  node_modules/compound/templates/config/initializers/db-tools.js
9 error A  node_modules/compound/templates/config/routes.coffee
9 error A  node_modules/compound/templates/config/routes.js
9 error A  node_modules/compound/templates/crud_controller.js
9 error A  node_modules/compound/templates/db/schema.coffee
9 error A  node_modules/compound/templates/db/schema.js
9 error A  node_modules/compound/templates/db/schema_model.coffee
9 error A  node_modules/compound/templates/db/schema_model.js
9 error A  node_modules/compound/templates/gitignore-example
9 error A  node_modules/compound/templates/package.json
9 error A  node_modules/compound/templates/public/favicon.ico
9 error A  node_modules/compound/templates/public/images/compound.png
9 error A  node_modules/compound/templates/public/images/glyphicons-halflings-white.png
9 error A  node_modules/compound/templates/public/images/glyphicons-halflings.png
9 error A  node_modules/compound/templates/public/index.html
9 error A  node_modules/compound/templates/public/javascripts/application.js
9 error A  node_modules/compound/templates/public/javascripts/bootstrap.js
9 error A  node_modules/compound/templates/public/javascripts/rails.js
9 error A  node_modules/compound/templates/public/stylesheets/bootstrap-responsive.css
9 error A  node_modules/compound/templates/public/stylesheets/bootstrap.css
9 error A  node_modules/compound/templates/public/stylesheets/style.css
9 error A  node_modules/compound/templates/server.coffee
9 error A  node_modules/compound/templates/server.js
9 error A  node_modules/compound/templates/test/controllers/crud_controller_test.js
9 error A  node_modules/compound/templates/test/test_helper.js
9 error A  node_modules/compound/test/compound.test.js
9 error A  node_modules/compound/test/config.test.js
9 error A  node_modules/compound/test/controller-extensions.test.js
9 error A  node_modules/compound/test/controller.test.js
9 error A  node_modules/compound/test/fixtures/config/database.json
9 error A  node_modules/compound/test/fixtures/config/environment.js
9 error A  node_modules/compound/test/fixtures/config/extra-environment.js
9 error A  node_modules/compound/test/generators.test.js
9 error A  node_modules/compound/test/helpers.test.js
9 error A  node_modules/compound/test/init.js
9 error A  node_modules/compound/test/middleware-injects.test.js
9 error A  node_modules/compound/test/utils.test.js
9 error A  node_modules/cron/.npmignore
9 error A  node_modules/cron/.travis.yml
9 error A  node_modules/cron/Makefile
9 error A  node_modules/cron/README.md
9 error A  node_modules/cron/lib/cron.js
9 error A  node_modules/cron/package.json
9 error A  node_modules/cron/tests/test-cron.js
9 error A  node_modules/cron/tests/test-crontime.js
9 error M  package.json
9 error A  src/classes/cron_wrapper.coffee
9 error A  src/index.coffee
9 error     at /usr/local/lib/node_modules/npm/lib/version.js:64:33
9 error     at ChildProcess.<anonymous> (/usr/local/lib/node_modules/npm/lib/utils/exec.js:61:5)
9 error     at ChildProcess.EventEmitter.emit (events.js:99:17)
9 error     at Process._handle.onexit (child_process.js:678:10)
10 error If you need help, you may report this log at:
10 error     <http://github.com/isaacs/npm/issues>
10 error or email it to:
10 error     <npm-@googlegroups.com>
11 error System Linux 2.6.32-042stab068.8
12 error command "node" "/usr/local/bin/npm" "version" "1.0.0"
13 error cwd /home/modules/co-cron
14 error node -v v0.8.14
15 error npm -v 1.1.46
16 verbose exit [ 1, true ]
